<?xml version="1.0" encoding="UTF-8"?>
<!-- Generated by org.testng.reporters.JUnitReportReporter -->
<testsuite hostname="DESKTOP-1BL7HBL" failures="0" tests="1" name="TestCases" time="0.008" errors="0" timestamp="2023-01-17T09:36:47 IST" skipped="0">
  <testcase classname="TestCases" name="test1" time="0.008"/>
  <system-out/>
</testsuite> <!-- TestCases -->
